============================================================
Program for calculation of partial differential equations.  
============================================================
(c) Dr. Thomas Ludwig, TU München.
    Thomas A. Zochler, TU München.
    Andreas C. Schmidt, TU München.
============================================================

Berechnungszeit:    79.220932 s 
Speicherbedarf:     157.130142 MiB

Interlines:         400
Stoerfunktion:      f(x,y) = 2pi^2*sin(pi*x)sin(pi*y)
Terminierung:       Anzahl der Iterationen
Anzahl Iterationen: 1500
Norm des Fehlers:   9.576488e-07

Matrix:
 0.0000 0.0000 0.0000 0.0000 0.0000 0.0000 0.0000 0.0000 0.0000
 0.0000 0.0002 0.0004 0.0005 0.0005 0.0005 0.0004 0.0002 0.0000
 0.0000 0.0004 0.0007 0.0009 0.0010 0.0009 0.0007 0.0004 0.0000
 0.0000 0.0005 0.0009 0.0012 0.0013 0.0012 0.0009 0.0005 0.0000
 0.0000 0.0005 0.0010 0.0013 0.0014 0.0013 0.0010 0.0006 0.0000
 0.0000 0.0005 0.0009 0.0012 0.0013 0.0012 0.0009 0.0005 0.0000
 0.0000 0.0004 0.0007 0.0009 0.0010 0.0009 0.0007 0.0004 0.0000
 0.0000 0.0002 0.0004 0.0005 0.0006 0.0005 0.0004 0.0002 0.0000
 0.0000 0.0000 0.0000 0.0000 0.0000 0.0000 0.0000 0.0000 0.0000
============================================================
Program for calculation of partial differential equations.  
============================================================
(c) Dr. Thomas Ludwig, TU München.
    Thomas A. Zochler, TU München.
    Andreas C. Schmidt, TU München.
============================================================

Berechnungszeit:    76.162558 s 
Speicherbedarf:     157.130142 MiB

Interlines:         400
Stoerfunktion:      f(x,y) = 2pi^2*sin(pi*x)sin(pi*y)
Terminierung:       Anzahl der Iterationen
Anzahl Iterationen: 1500
Norm des Fehlers:   9.576488e-07

Matrix:
 0.0000 0.0000 0.0000 0.0000 0.0000 0.0000 0.0000 0.0000 0.0000
 0.0000 0.0002 0.0004 0.0005 0.0005 0.0005 0.0004 0.0002 0.0000
 0.0000 0.0004 0.0007 0.0009 0.0010 0.0009 0.0007 0.0004 0.0000
 0.0000 0.0005 0.0009 0.0012 0.0013 0.0012 0.0009 0.0005 0.0000
 0.0000 0.0005 0.0010 0.0013 0.0014 0.0013 0.0010 0.0006 0.0000
 0.0000 0.0005 0.0009 0.0012 0.0013 0.0012 0.0009 0.0005 0.0000
 0.0000 0.0004 0.0007 0.0009 0.0010 0.0009 0.0007 0.0004 0.0000
 0.0000 0.0002 0.0004 0.0005 0.0006 0.0005 0.0004 0.0002 0.0000
 0.0000 0.0000 0.0000 0.0000 0.0000 0.0000 0.0000 0.0000 0.0000
============================================================
Program for calculation of partial differential equations.  
============================================================
(c) Dr. Thomas Ludwig, TU München.
    Thomas A. Zochler, TU München.
    Andreas C. Schmidt, TU München.
============================================================

Berechnungszeit:    77.844075 s 
Speicherbedarf:     157.130142 MiB

Interlines:         400
Stoerfunktion:      f(x,y) = 2pi^2*sin(pi*x)sin(pi*y)
Terminierung:       Anzahl der Iterationen
Anzahl Iterationen: 1500
Norm des Fehlers:   9.576488e-07

Matrix:
 0.0000 0.0000 0.0000 0.0000 0.0000 0.0000 0.0000 0.0000 0.0000
 0.0000 0.0002 0.0004 0.0005 0.0005 0.0005 0.0004 0.0002 0.0000
 0.0000 0.0004 0.0007 0.0009 0.0010 0.0009 0.0007 0.0004 0.0000
 0.0000 0.0005 0.0009 0.0012 0.0013 0.0012 0.0009 0.0005 0.0000
 0.0000 0.0005 0.0010 0.0013 0.0014 0.0013 0.0010 0.0006 0.0000
 0.0000 0.0005 0.0009 0.0012 0.0013 0.0012 0.0009 0.0005 0.0000
 0.0000 0.0004 0.0007 0.0009 0.0010 0.0009 0.0007 0.0004 0.0000
 0.0000 0.0002 0.0004 0.0005 0.0006 0.0005 0.0004 0.0002 0.0000
 0.0000 0.0000 0.0000 0.0000 0.0000 0.0000 0.0000 0.0000 0.0000
